# JRE version: OpenJDK Runtime Environment (11.0.12+7) (build 11.0.12+7-b1504.28-7817840)
# Java VM: OpenJDK 64-Bit Server VM (11.0.12+7-b1504.28-7817840, mixed mode, tiered, compressed oops, g1 gc, windows-amd64)
Heap:
 garbage-first heap   total 227328K, used 170089K [0x0000000080000000, 0x0000000100000000)
  region size 1024K, 24 young (24576K), 7 survivors (7168K)
 Metaspace       used 104574K, capacity 107079K, committed 107308K, reserved 1142784K
  class space    used 13416K, capacity 14384K, committed 14464K, reserved 1048576K
GC Heap History (20 events):
Event: 32.299 GC heap before
{Heap before GC invocations=27 (full 0):
 garbage-first heap   total 157696K, used 134784K [0x0000000080000000, 0x0000000100000000)
  region size 1024K, 19 young (19456K), 3 survivors (3072K)
 Metaspace       used 90201K, capacity 92312K, committed 92588K, reserved 1130496K
  class space    used 11659K, capacity 12432K, committed 12544K, reserved 1048576K
}
Event: 32.312 GC heap after
{Heap after GC invocations=28 (full 0):
 garbage-first heap   total 189440K, used 104929K [0x0000000080000000, 0x0000000100000000)
  region size 1024K, 1 young (1024K), 1 survivors (1024K)
 Metaspace       used 90201K, capacity 92312K, committed 92588K, reserved 1130496K
  class space    used 11659K, capacity 12432K, committed 12544K, reserved 1048576K
}
Event: 32.913 GC heap before
{Heap before GC invocations=28 (full 0):
 garbage-first heap   total 189440K, used 131553K [0x0000000080000000, 0x0000000100000000)
  region size 1024K, 28 young (28672K), 1 survivors (1024K)
 Metaspace       used 91254K, capacity 93356K, committed 93612K, reserved 1130496K
  class space    used 11753K, capacity 12543K, committed 12544K, reserved 1048576K
}
Event: 32.926 GC heap after
{Heap after GC invocations=29 (full 0):
 garbage-first heap   total 189440K, used 107362K [0x0000000080000000, 0x0000000100000000)
  region size 1024K, 4 young (4096K), 4 survivors (4096K)
 Metaspace       used 91254K, capacity 93356K, committed 93612K, reserved 1130496K
  class space    used 11753K, capacity 12543K, committed 12544K, reserved 1048576K
}
Event: 33.545 GC heap before
{Heap before GC invocations=30 (full 0):
 garbage-first heap   total 189440K, used 135278K [0x0000000080000000, 0x0000000100000000)
  region size 1024K, 33 young (33792K), 4 survivors (4096K)
 Metaspace       used 91669K, capacity 93821K, committed 93996K, reserved 1130496K
  class space    used 11772K, capacity 12618K, committed 12672K, reserved 1048576K
}
Event: 33.563 GC heap after
{Heap after GC invocations=31 (full 0):
 garbage-first heap   total 189440K, used 110093K [0x0000000080000000, 0x0000000100000000)
  region size 1024K, 4 young (4096K), 4 survivors (4096K)
 Metaspace       used 91669K, capacity 93821K, committed 93996K, reserved 1130496K
  class space    used 11772K, capacity 12618K, committed 12672K, reserved 1048576K
}
Event: 33.622 GC heap before
{Heap before GC invocations=31 (full 0):
 garbage-first heap   total 189440K, used 114189K [0x0000000080000000, 0x0000000100000000)
  region size 1024K, 9 young (9216K), 4 survivors (4096K)
 Metaspace       used 91858K, capacity 93950K, committed 94252K, reserved 1130496K
  class space    used 11793K, capacity 12618K, committed 12672K, reserved 1048576K
}
Event: 33.638 GC heap after
{Heap after GC invocations=32 (full 0):
 garbage-first heap   total 189440K, used 99735K [0x0000000080000000, 0x0000000100000000)
  region size 1024K, 1 young (1024K), 1 survivors (1024K)
 Metaspace       used 91858K, capacity 93950K, committed 94252K, reserved 1130496K
  class space    used 11793K, capacity 12618K, committed 12672K, reserved 1048576K
}
Event: 34.031 GC heap before
{Heap before GC invocations=32 (full 0):
 garbage-first heap   total 189440K, used 133527K [0x0000000080000000, 0x0000000100000000)
  region size 1024K, 35 young (35840K), 1 survivors (1024K)
 Metaspace       used 92986K, capacity 95132K, committed 95404K, reserved 1132544K
  class space    used 11940K, capacity 12747K, committed 12800K, reserved 1048576K
}
Event: 34.043 GC heap after
{Heap after GC invocations=33 (full 0):
 garbage-first heap   total 189440K, used 102045K [0x0000000080000000, 0x0000000100000000)
  region size 1024K, 4 young (4096K), 4 survivors (4096K)
 Metaspace       used 92986K, capacity 95132K, committed 95404K, reserved 1132544K
  class space    used 11940K, capacity 12747K, committed 12800K, reserved 1048576K
}
Event: 34.659 GC heap before
{Heap before GC invocations=34 (full 0):
 garbage-first heap   total 189440K, used 131741K [0x0000000080000000, 0x0000000100000000)
  region size 1024K, 40 young (40960K), 4 survivors (4096K)
 Metaspace       used 94664K, capacity 96780K, committed 96940K, reserved 1132544K
  class space    used 12160K, capacity 12974K, committed 13056K, reserved 1048576K
}
Event: 34.670 GC heap after
{Heap after GC invocations=35 (full 0):
 garbage-first heap   total 189440K, used 97624K [0x0000000080000000, 0x0000000100000000)
  region size 1024K, 2 young (2048K), 2 survivors (2048K)
 Metaspace       used 94664K, capacity 96780K, committed 96940K, reserved 1132544K
  class space    used 12160K, capacity 12974K, committed 13056K, reserved 1048576K
}
Event: 34.745 GC heap before
{Heap before GC invocations=35 (full 0):
 garbage-first heap   total 189440K, used 103768K [0x0000000080000000, 0x0000000100000000)
  region size 1024K, 9 young (9216K), 2 survivors (2048K)
 Metaspace       used 95020K, capacity 97136K, committed 97196K, reserved 1134592K
  class space    used 12195K, capacity 13007K, committed 13056K, reserved 1048576K
}
Event: 34.759 GC heap after
{Heap after GC invocations=36 (full 0):
 garbage-first heap   total 227328K, used 92773K [0x0000000080000000, 0x0000000100000000)
  region size 1024K, 1 young (1024K), 1 survivors (1024K)
 Metaspace       used 95020K, capacity 97136K, committed 97196K, reserved 1134592K
  class space    used 12195K, capacity 13007K, committed 13056K, reserved 1048576K
}
Event: 39.473 GC heap before
{Heap before GC invocations=36 (full 0):
 garbage-first heap   total 227328K, used 154213K [0x0000000080000000, 0x0000000100000000)
  region size 1024K, 62 young (63488K), 1 survivors (1024K)
 Metaspace       used 96806K, capacity 98922K, committed 99244K, reserved 1134592K
  class space    used 12387K, capacity 13219K, committed 13312K, reserved 1048576K
}
Event: 39.486 GC heap after
{Heap after GC invocations=37 (full 0):
 garbage-first heap   total 227328K, used 98040K [0x0000000080000000, 0x0000000100000000)
  region size 1024K, 6 young (6144K), 6 survivors (6144K)
 Metaspace       used 96806K, capacity 98922K, committed 99244K, reserved 1134592K
  class space    used 12387K, capacity 13219K, committed 13312K, reserved 1048576K
}
Event: 50.389 GC heap before
{Heap before GC invocations=37 (full 0):
 garbage-first heap   total 227328K, used 160504K [0x0000000080000000, 0x0000000100000000)
  region size 1024K, 68 young (69632K), 6 survivors (6144K)
 Metaspace       used 101666K, capacity 104069K, committed 104236K, reserved 1140736K
  class space    used 13031K, capacity 13908K, committed 13952K, reserved 1048576K
}
Event: 50.413 GC heap after
{Heap after GC invocations=38 (full 0):
 garbage-first heap   total 227328K, used 103077K [0x0000000080000000, 0x0000000100000000)
  region size 1024K, 5 young (5120K), 5 survivors (5120K)
 Metaspace       used 101666K, capacity 104069K, committed 104236K, reserved 1140736K
  class space    used 13031K, capacity 13908K, committed 13952K, reserved 1048576K
}
Event: 51.038 GC heap before
{Heap before GC invocations=38 (full 0):
 garbage-first heap   total 227328K, used 129701K [0x0000000080000000, 0x0000000100000000)
  region size 1024K, 28 young (28672K), 5 survivors (5120K)
 Metaspace       used 103437K, capacity 105917K, committed 106028K, reserved 1140736K
  class space    used 13264K, capacity 14200K, committed 14208K, reserved 1048576K
}
Event: 51.051 GC heap after
{Heap after GC invocations=39 (full 0):
 garbage-first heap   total 227328K, used 108649K [0x0000000080000000, 0x0000000100000000)
  region size 1024K, 7 young (7168K), 7 survivors (7168K)
 Metaspace       used 103437K, capacity 105917K, committed 106028K, reserved 1140736K
  class space    used 13264K, capacity 14200K, committed 14208K, reserved 1048576K
}

